<?xml version="1.0" encoding="UTF-8"?>
<testng-results ignored="0" total="1" passed="1" failed="0" skipped="0">
  <reporter-output>
    <line>
      <![CDATA[Aryush Khaparde]]>
    </line>
  </reporter-output>
  <suite started-at="2024-07-27T11:19:37 IST" name="Default suite" finished-at="2024-07-27T11:19:37 IST" duration-ms="174">
    <groups>
    </groups>
    <test started-at="2024-07-27T11:19:37 IST" name="Default test" finished-at="2024-07-27T11:19:37 IST" duration-ms="174">
      <class name="demo.SampleTest">
        <test-method signature="sample()[pri:0, instance:demo.SampleTest@16a0ee18]" started-at="2024-07-27T11:19:37 IST" name="sample" finished-at="2024-07-27T11:19:37 IST" duration-ms="29" status="PASS">
          <reporter-output>
            <line>
              <![CDATA[Aryush Khaparde]]>
            </line>
          </reporter-output>
        </test-method> <!-- sample -->
      </class> <!-- demo.SampleTest -->
    </test> <!-- Default test -->
  </suite> <!-- Default suite -->
</testng-results>
