<?xml version="1.0" encoding="UTF-8"?>
<!-- Generated by org.testng.reporters.JUnitXMLReporter -->
<testsuite ignored="2" hostname="DESKTOP-ME2FOGS" failures="0" tests="2" name="Test" time="60.787" errors="0" timestamp="2024-07-30T18:33:29 IST">
  <testcase classname="bikes.YamahaTest" name="startBike" time="42.259"/>
  <testcase classname="bikes.KawaSakiTest" name="startBike" time="18.331"/>
  <testcase classname="bikes.BajajTest" name="startBike" time="0.0">
    <ignored/>
  </testcase> <!-- startBike -->
  <testcase classname="bikes.RoyalEnfieldTest" name="startBike" time="0.0">
    <ignored/>
  </testcase> <!-- startBike -->
</testsuite> <!-- Test -->
