<?xml version="1.0" encoding="UTF-8"?>
<testng-results ignored="0" total="1" passed="1" failed="0" skipped="0">
  <reporter-output>
    <line>
      <![CDATA[https://demowebshop.tricentis.com/]]>
    </line>
    <line>
      <![CDATA[abhis1234@gmail.com]]>
    </line>
    <line>
      <![CDATA[abhis@1234]]>
    </line>
    <line>
      <![CDATA[home page is displayed]]>
    </line>
  </reporter-output>
  <suite started-at="2024-07-31T15:14:47 IST" name="Surefire suite" finished-at="2024-07-31T15:15:05 IST" duration-ms="17972">
    <groups>
    </groups>
    <test started-at="2024-07-31T15:14:47 IST" name="Surefire test" finished-at="2024-07-31T15:15:05 IST" duration-ms="17972">
      <class name="demo.AbhiAssingmentDemoCMDPrompt">
        <test-method signature="demoSkill()[pri:0, instance:demo.AbhiAssingmentDemoCMDPrompt@1b083826]" started-at="2024-07-31T15:14:47 IST" name="demoSkill" finished-at="2024-07-31T15:15:05 IST" duration-ms="17806" status="PASS">
          <reporter-output>
            <line>
              <![CDATA[https://demowebshop.tricentis.com/]]>
            </line>
            <line>
              <![CDATA[abhis1234@gmail.com]]>
            </line>
            <line>
              <![CDATA[abhis@1234]]>
            </line>
            <line>
              <![CDATA[home page is displayed]]>
            </line>
          </reporter-output>
        </test-method> <!-- demoSkill -->
      </class> <!-- demo.AbhiAssingmentDemoCMDPrompt -->
    </test> <!-- Surefire test -->
  </suite> <!-- Surefire suite -->
</testng-results>
